<?xml version="1.0" encoding="UTF-8"?>
<!-- Generated by org.testng.reporters.JUnitReportReporter -->
<testsuite hostname="LTIN454439" failures="0" tests="36" name="com.displayBookshelves.testRunner.testNGRunner" time="555.834" errors="1" timestamp="2024-02-27T15:42:00 IST" skipped="0">
  <testcase classname="com.displayBookshelves.testRunner.testNGRunner" name="runScenario" time="14.091"/>
  <testcase classname="com.displayBookshelves.testRunner.testNGRunner" name="runScenario" time="8.931"/>
  <testcase classname="com.displayBookshelves.testRunner.testNGRunner" name="runScenario" time="15.560"/>
  <testcase classname="com.displayBookshelves.testRunner.testNGRunner" name="runScenario" time="16.633"/>
  <testcase classname="com.displayBookshelves.testRunner.testNGRunner" name="runScenario" time="15.230"/>
  <testcase classname="com.displayBookshelves.testRunner.testNGRunner" name="runScenario" time="9.857"/>
  <testcase classname="com.displayBookshelves.testRunner.testNGRunner" name="runScenario" time="15.757"/>
  <testcase classname="com.displayBookshelves.testRunner.testNGRunner" name="runScenario" time="15.509"/>
  <testcase classname="com.displayBookshelves.testRunner.testNGRunner" name="runScenario" time="14.004"/>
  <testcase classname="com.displayBookshelves.testRunner.testNGRunner" name="runScenario" time="18.070"/>
  <testcase classname="com.displayBookshelves.testRunner.testNGRunner" name="runScenario" time="8.387"/>
  <testcase classname="com.displayBookshelves.testRunner.testNGRunner" name="runScenario" time="15.659"/>
  <testcase classname="com.displayBookshelves.testRunner.testNGRunner" name="runScenario" time="31.311"/>
  <testcase classname="com.displayBookshelves.testRunner.testNGRunner" name="runScenario" time="8.806"/>
  <testcase classname="com.displayBookshelves.testRunner.testNGRunner" name="runScenario" time="14.169"/>
  <testcase classname="com.displayBookshelves.testRunner.testNGRunner" name="runScenario" time="26.232"/>
  <testcase classname="com.displayBookshelves.testRunner.testNGRunner" name="runScenario" time="34.142"/>
  <testcase classname="com.displayBookshelves.testRunner.testNGRunner" name="runScenario" time="11.957"/>
  <testcase classname="com.displayBookshelves.testRunner.testNGRunner" name="runScenario" time="16.452"/>
  <testcase classname="com.displayBookshelves.testRunner.testNGRunner" name="runScenario" time="12.435"/>
  <testcase classname="com.displayBookshelves.testRunner.testNGRunner" name="runScenario" time="10.330"/>
  <testcase classname="com.displayBookshelves.testRunner.testNGRunner" name="runScenario" time="13.855"/>
  <testcase classname="com.displayBookshelves.testRunner.testNGRunner" name="runScenario" time="15.748"/>
  <testcase classname="com.displayBookshelves.testRunner.testNGRunner" name="runScenario" time="18.645"/>
  <testcase classname="com.displayBookshelves.testRunner.testNGRunner" name="runScenario" time="12.813"/>
  <testcase classname="com.displayBookshelves.testRunner.testNGRunner" name="runScenario" time="13.067"/>
  <testcase classname="com.displayBookshelves.testRunner.testNGRunner" name="runScenario" time="14.723"/>
  <testcase classname="com.displayBookshelves.testRunner.testNGRunner" name="runScenario" time="2.769">
    <error message="Could not start a new session. Response code 500. Message: session not created: Chrome failed to start: crashed.
  (session not created: DevToolsActivePort file doesn&#039;t exist)
  (The process started from chrome location C:\Program Files\Google\Chrome\Application\chrome.exe is no longer running, so ChromeDriver is assuming that Chrome has crashed.) 
Host info: host: &#039;LTIN454439&#039;, ip: &#039;192.168.226.121&#039;
Build info: version: &#039;4.15.0&#039;, revision: &#039;1d14b5521b&#039;
System info: os.name: &#039;Windows 11&#039;, os.arch: &#039;amd64&#039;, os.version: &#039;10.0&#039;, java.version: &#039;17.0.10&#039;
Driver info: org.openqa.selenium.chrome.ChromeDriver
Command: [null, newSession {capabilities=[Capabilities {browserName: chrome, goog:chromeOptions: {args: [], binary: C:\Program Files\Google\Chr..., extensions: []}}]}]" type="org.openqa.selenium.SessionNotCreatedException">
      <![CDATA[org.openqa.selenium.SessionNotCreatedException: Could not start a new session. Response code 500. Message: session not created: Chrome failed to start: crashed.
  (session not created: DevToolsActivePort file doesn't exist)
  (The process started from chrome location C:\Program Files\Google\Chrome\Application\chrome.exe is no longer running, so ChromeDriver is assuming that Chrome has crashed.) 
Host info: host: 'LTIN454439', ip: '192.168.226.121'
Build info: version: '4.15.0', revision: '1d14b5521b'
System info: os.name: 'Windows 11', os.arch: 'amd64', os.version: '10.0', java.version: '17.0.10'
Driver info: org.openqa.selenium.chrome.ChromeDriver
Command: [null, newSession {capabilities=[Capabilities {browserName: chrome, goog:chromeOptions: {args: [], binary: C:\Program Files\Google\Chr..., extensions: []}}]}]
at org.openqa.selenium.remote.ProtocolHandshake.createSession(ProtocolHandshake.java:140)
at org.openqa.selenium.remote.ProtocolHandshake.createSession(ProtocolHandshake.java:96)
at org.openqa.selenium.remote.ProtocolHandshake.createSession(ProtocolHandshake.java:68)
at org.openqa.selenium.remote.HttpCommandExecutor.execute(HttpCommandExecutor.java:163)
at org.openqa.selenium.remote.service.DriverCommandExecutor.invokeExecute(DriverCommandExecutor.java:200)
at org.openqa.selenium.remote.service.DriverCommandExecutor.execute(DriverCommandExecutor.java:175)
at org.openqa.selenium.remote.RemoteWebDriver.execute(RemoteWebDriver.java:607)
at org.openqa.selenium.remote.RemoteWebDriver.startSession(RemoteWebDriver.java:241)
at org.openqa.selenium.remote.RemoteWebDriver.<init>(RemoteWebDriver.java:168)
at org.openqa.selenium.chromium.ChromiumDriver.<init>(ChromiumDriver.java:108)
at org.openqa.selenium.chrome.ChromeDriver.<init>(ChromeDriver.java:89)
at org.openqa.selenium.chrome.ChromeDriver.<init>(ChromeDriver.java:84)
at org.openqa.selenium.chrome.ChromeDriver.<init>(ChromeDriver.java:52)
at com.displayBookshelves.utils.baseClass.initializeBrowse(baseClass.java:24)
at com.displayBookshelves.stepDefinitions.hooks.setup(hooks.java:28)
]]>
    </error>
  </testcase> <!-- runScenario -->
  <testcase classname="com.displayBookshelves.testRunner.testNGRunner" name="runScenario" time="18.326"/>
  <testcase classname="com.displayBookshelves.testRunner.testNGRunner" name="runScenario" time="13.696"/>
  <testcase classname="com.displayBookshelves.testRunner.testNGRunner" name="runScenario" time="15.455"/>
  <testcase classname="com.displayBookshelves.testRunner.testNGRunner" name="runScenario" time="13.858"/>
  <testcase classname="com.displayBookshelves.testRunner.testNGRunner" name="runScenario" time="9.177"/>
  <testcase classname="com.displayBookshelves.testRunner.testNGRunner" name="runScenario" time="15.765"/>
  <testcase classname="com.displayBookshelves.testRunner.testNGRunner" name="runScenario" time="26.814"/>
  <testcase classname="com.displayBookshelves.testRunner.testNGRunner" name="runScenario" time="17.601"/>
</testsuite> <!-- com.displayBookshelves.testRunner.testNGRunner -->
